
> order-supervisor-ui@0.1.0 dev
> next dev

   ▲ Next.js 15.1.3
   - Local:        http://localhost:3000
   - Network:      http://192.168.29.44:3000
   - Environments: .env.local

 ✓ Starting...
 ✓ Ready in 7.2s
 ○ Compiling / ...
 ✓ Compiled / in 3.5s (600 modules)
 GET / 200 in 4176ms
 GET / 200 in 80ms
 GET / 200 in 190ms
 ○ Compiling /_not-found ...
 ✓ Compiled /_not-found in 16.2s (618 modules)
 GET /_next/static/css/app/layout.css?v=1783495324502 404 in 16480ms
 GET /_next/static/chunks/webpack.js?v=1783495324502 404 in 16471ms
 GET /_next/static/chunks/main-app.js?v=1783495324502 404 in 15716ms
 GET /_next/static/chunks/app/page.js 404 in 15716ms
 GET /_next/static/chunks/app-pages-internals.js 404 in 15719ms
 GET / 200 in 95ms
 GET /_next/static/css/app/layout.css?v=1783495435866 404 in 91ms
 GET /_next/static/chunks/main-app.js?v=1783495435866 404 in 113ms
 GET /_next/static/chunks/app-pages-internals.js 404 in 131ms
 GET /_next/static/chunks/app/page.js 404 in 117ms
 GET / 200 in 43ms
 GET /_next/static/css/app/layout.css?v=1783495439542 404 in 36ms
 GET /_next/static/chunks/main-app.js?v=1783495439542 404 in 69ms
 GET /_next/static/chunks/app/page.js 404 in 66ms
 GET /_next/static/chunks/app-pages-internals.js 404 in 70ms
 GET / 200 in 31ms
 GET /_next/static/css/app/layout.css?v=1783495441569 404 in 44ms
 GET /_next/static/chunks/app-pages-internals.js 404 in 61ms
 GET /_next/static/chunks/main-app.js?v=1783495441569 404 in 64ms
 GET /_next/static/chunks/app/page.js 404 in 63ms
